#
# There is insufficient memory for the Java Runtime Environment to continue.
# Native memory allocation (malloc) failed to allocate 198608 bytes. Error detail: Chunk::new
# Possible reasons:
#   The system is out of physical RAM or swap space
#   This process is running with CompressedOops enabled, and the Java Heap may be blocking the growth of the native heap
# Possible solutions:
#   Reduce memory load on the system
#   Increase physical memory or swap space
#   Check if swap backing store is full
#   Decrease Java heap size (-Xmx/-Xms)
#   Decrease number of Java threads
#   Decrease Java thread stack sizes (-Xss)
#   Set larger code cache with -XX:ReservedCodeCacheSize=
#   JVM is running with Unscaled Compressed Oops mode in which the Java heap is
#     placed in the first 4GB address space. The Java Heap base address is the
#     maximum limit for the native heap growth. Please use -XX:HeapBaseMinAddress
#     to set the Java Heap base and to place the Java Heap above 4GB virtual address.
# This output file may be truncated or incomplete.
#
#  Out of Memory Error (arena.cpp:168), pid=11128, tid=24400
#
# JRE version: OpenJDK Runtime Environment (21.0.10) (build 21.0.10+-14961533-b1163.108)
# Java VM: OpenJDK 64-Bit Server VM (21.0.10+-14961533-b1163.108, mixed mode, tiered, compressed oops, compressed class ptrs, g1 gc, windows-amd64)
# No core dump will be written. Minidumps are not enabled by default on client versions of Windows
#

---------------  S U M M A R Y ------------

Command Line: -Dorg.gradle.appname=gradlew org.gradle.wrapper.GradleWrapperMain -q -Ptarget-platform=android-arm64 -Ptarget=C:\MotionHR\motionhr_employee_work\lib\main.dart -Pbase-application-name=android.app.Application -Pdart-defines=RkxVVFRFUl9WRVJTSU9OPTMuNDQuNg==,RkxVVFRFUl9DSEFOTkVMPXN0YWJsZQ==,RkxVVFRFUl9HSVRfVVJMPWh0dHBzOi8vZ2l0aHViLmNvbS9mbHV0dGVyL2ZsdXR0ZXIuZ2l0,RkxVVFRFUl9GUkFNRVdPUktfUkVWSVNJT049ZWU4MGYwOGJiZg==,RkxVVFRFUl9FTkdJTkVfUkVWSVNJT049ODM2NzVlZDI3Ng==,RkxVVFRFUl9EQVJUX1ZFUlNJT049My4xMi4y -Pdart-obfuscation=false -Ptrack-widget-creation=true -Ptree-shake-icons=false -Pfilesystem-scheme=org-dartlang-root assembleDebug

Host: Intel(R) Core(TM) i5-8250U CPU @ 1.60GHz, 8 cores, 7G,  Windows 10 , 64 bit Build 19041 (10.0.19041.5915)
Time: Mon Jul 20 14:41:26 2026 Egypt Daylight Time elapsed time: 182.388456 seconds (0d 0h 3m 2s)

---------------  T H R E A D  ---------------

Current thread (0x0000021aa44d7190):  JavaThread "C2 CompilerThread0" daemon [_thread_in_native, id=24400, stack(0x0000007c1a500000,0x0000007c1a600000) (1024K)]


Current CompileTask:
C2:182388 2420 %     4       java.io.BufferedReader::implReadLine @ 125 (301 bytes)

Stack: [0x0000007c1a500000,0x0000007c1a600000]
Native frames: (J=compiled Java code, j=interpreted, Vv=VM code, C=native code)
V  [jvm.dll+0x6d78a9]
V  [jvm.dll+0x8665b3]
V  [jvm.dll+0x868bde]
V  [jvm.dll+0x8692c3]
V  [jvm.dll+0x280ee6]
V  [jvm.dll+0xc07cd]
V  [jvm.dll+0xc0d03]
V  [jvm.dll+0x13cacf]
V  [jvm.dll+0x6681a5]
V  [jvm.dll+0x6666fe]
V  [jvm.dll+0x249a4f]
V  [jvm.dll+0x2491a1]
V  [jvm.dll+0x1c76e4]
V  [jvm.dll+0x25891e]
V  [jvm.dll+0x256e66]
V  [jvm.dll+0x3f513e]
V  [jvm.dll+0x80fd28]
V  [jvm.dll+0x6d60fd]
C  [ucrtbase.dll+0x21bb2]
C  [KERNEL32.DLL+0x17374]
C  [ntdll.dll+0x4cc91]


---------------  P R O C E S S  ---------------

Threads class SMR info:
_java_thread_list=0x0000021aaa042ee0, length=12, elements={
0x0000021a8a9a0570, 0x0000021aa44993b0, 0x0000021aa44a7d70, 0x0000021aa44a97e0,
0x0000021aa44cc8a0, 0x0000021aa44cd300, 0x0000021aa44d08e0, 0x0000021aa44bb830,
0x0000021aa44d7190, 0x0000021aa44ddb60, 0x0000021aa4680e20, 0x0000021aa9c76dc0
}

Java Threads: ( => current thread )
  0x0000021a8a9a0570 JavaThread "main"                              [_thread_in_vm, id=29120, stack(0x0000007c19600000,0x0000007c19700000) (1024K)]
  0x0000021aa44993b0 JavaThread "Common-Cleaner"             daemon [_thread_blocked, id=28276, stack(0x0000007c19e00000,0x0000007c19f00000) (1024K)]
  0x0000021aa44a7d70 JavaThread "Reference Handler"          daemon [_thread_blocked, id=7376, stack(0x0000007c19f00000,0x0000007c1a000000) (1024K)]
  0x0000021aa44a97e0 JavaThread "Finalizer"                  daemon [_thread_blocked, id=17880, stack(0x0000007c1a000000,0x0000007c1a100000) (1024K)]
  0x0000021aa44cc8a0 JavaThread "Signal Dispatcher"          daemon [_thread_blocked, id=8432, stack(0x0000007c1a100000,0x0000007c1a200000) (1024K)]
  0x0000021aa44cd300 JavaThread "Attach Listener"            daemon [_thread_blocked, id=16120, stack(0x0000007c1a200000,0x0000007c1a300000) (1024K)]
  0x0000021aa44d08e0 JavaThread "Service Thread"             daemon [_thread_blocked, id=33280, stack(0x0000007c1a300000,0x0000007c1a400000) (1024K)]
  0x0000021aa44bb830 JavaThread "Monitor Deflation Thread"   daemon [_thread_blocked, id=41072, stack(0x0000007c1a400000,0x0000007c1a500000) (1024K)]
=>0x0000021aa44d7190 JavaThread "C2 CompilerThread0"         daemon [_thread_in_native, id=24400, stack(0x0000007c1a500000,0x0000007c1a600000) (1024K)]
  0x0000021aa44ddb60 JavaThread "C1 CompilerThread0"         daemon [_thread_blocked, id=41556, stack(0x0000007c1a600000,0x0000007c1a700000) (1024K)]
  0x0000021aa4680e20 JavaThread "Notification Thread"        daemon [_thread_blocked, id=22932, stack(0x0000007c1a700000,0x0000007c1a800000) (1024K)]
  0x0000021aa9c76dc0 JavaThread "pool-1-thread-1"                   [_thread_blocked, id=30260, stack(0x0000007c1ad00000,0x0000007c1ae00000) (1024K)]
Total: 12

Other Threads:
  0x0000021aa4450760 VMThread "VM Thread"                           [id=20844, stack(0x0000007c19d00000,0x0000007c19e00000) (1024K)]
  0x0000021aa4294590 WatcherThread "VM Periodic Task Thread"        [id=31492, stack(0x0000007c19c00000,0x0000007c19d00000) (1024K)]
  0x0000021a8cca4bc0 WorkerThread "GC Thread#0"                     [id=5308, stack(0x0000007c19700000,0x0000007c19800000) (1024K)]
  0x0000021aa902bfd0 WorkerThread "GC Thread#1"                     [id=15472, stack(0x0000007c1a900000,0x0000007c1aa00000) (1024K)]
  0x0000021aa902c790 WorkerThread "GC Thread#2"                     [id=22024, stack(0x0000007c1aa00000,0x0000007c1ab00000) (1024K)]
  0x0000021aa918ec80 WorkerThread "GC Thread#3"                     [id=20508, stack(0x0000007c1ab00000,0x0000007c1ac00000) (1024K)]
  0x0000021aa9c73a00 WorkerThread "GC Thread#4"                     [id=33876, stack(0x0000007c1a800000,0x0000007c1a900000) (1024K)]
  0x0000021aa9db1470 WorkerThread "GC Thread#5"                     [id=27524, stack(0x0000007c1ac00000,0x0000007c1ad00000) (1024K)]
  0x0000021aa9db2030 WorkerThread "GC Thread#6"                     [id=33360, stack(0x0000007c1ae00000,0x0000007c1af00000) (1024K)]
  0x0000021a8ccb6810 ConcurrentGCThread "G1 Main Marker"            [id=27036, stack(0x0000007c19800000,0x0000007c19900000) (1024K)]
  0x0000021a8ccb73a0 WorkerThread "G1 Conc#0"                       [id=41492, stack(0x0000007c19900000,0x0000007c19a00000) (1024K)]
  0x0000021aa4159110 ConcurrentGCThread "G1 Refine#0"               [id=27340, stack(0x0000007c19a00000,0x0000007c19b00000) (1024K)]
  0x0000021aa4159940 ConcurrentGCThread "G1 Service"                [id=32240, stack(0x0000007c19b00000,0x0000007c19c00000) (1024K)]
Total: 13

Threads with active compile tasks:
C2 CompilerThread0  182416 2420 %     4       java.io.BufferedReader::implReadLine @ 125 (301 bytes)
Total: 1

VM state: not at safepoint (normal execution)

VM Mutex/Monitor currently owned by a thread:  ([mutex/lock_event])
[0x00007ff8b1e585d0] CodeCache_lock - owner thread: 0x0000021a8a9a0570

Heap address: 0x0000000081600000, size: 2026 MB, Compressed Oops mode: 32-bit

CDS archive(s) not mapped
Compressed class space mapped at: 0x0000000100000000-0x0000000140000000, reserved size: 1073741824
Narrow klass base: 0x0000000000000000, Narrow klass shift: 3, Narrow klass range: 0x140000000

GC Precious Log:
 CardTable entry size: 512
 Card Set container configuration: InlinePtr #cards 5 size 8 Array Of Cards #cards 12 size 40 Howl #buckets 4 coarsen threshold 1843 Howl Bitmap #cards 512 size 80 coarsen threshold 460 Card regions per heap region 1 cards per card region 2048
 CPUs: 8 total, 8 available
 Memory: 8101M
 Large Page Support: Disabled
 NUMA Support: Disabled
 Compressed Oops: Enabled (32-bit)
 Heap Region Size: 1M
 Heap Min Capacity: 8M
 Heap Initial Capacity: 128M
 Heap Max Capacity: 2026M
 Pre-touch: Disabled
 Parallel Workers: 8
 Concurrent Workers: 2
 Concurrent Refinement Workers: 8
 Periodic GC: Disabled

Heap:
 garbage-first heap   total 131072K, used 61512K [0x0000000081600000, 0x0000000100000000)
  region size 1024K, 56 young (57344K), 5 survivors (5120K)
 Metaspace       used 20396K, committed 20672K, reserved 1114112K
  class space    used 2368K, committed 2496K, reserved 1048576K

Heap Regions: E=young(eden), S=young(survivor), O=old, HS=humongous(starts), HC=humongous(continues), CS=collection set, F=free, TAMS=top-at-mark-start, PB=parsable bottom
|   0|0x0000000081600000, 0x0000000081700000, 0x0000000081700000|100%|HS|  |TAMS 0x0000000081600000| PB 0x0000000081600000| Complete 
|   1|0x0000000081700000, 0x0000000081800000, 0x0000000081800000|100%|HC|  |TAMS 0x0000000081700000| PB 0x0000000081700000| Complete 
|   2|0x0000000081800000, 0x0000000081900000, 0x0000000081900000|100%|HC|  |TAMS 0x0000000081800000| PB 0x0000000081800000| Complete 
|   3|0x0000000081900000, 0x0000000081a00000, 0x0000000081a00000|100%| O|  |TAMS 0x0000000081900000| PB 0x0000000081900000| Untracked 
|   4|0x0000000081a00000, 0x0000000081b00000, 0x0000000081b00000|100%| O|  |TAMS 0x0000000081a00000| PB 0x0000000081a00000| Untracked 
|   5|0x0000000081b00000, 0x0000000081b12240, 0x0000000081c00000|  7%| O|  |TAMS 0x0000000081b00000| PB 0x0000000081b00000| Untracked 
|   6|0x0000000081c00000, 0x0000000081c00000, 0x0000000081d00000|  0%| F|  |TAMS 0x0000000081c00000| PB 0x0000000081c00000| Untracked 
|   7|0x0000000081d00000, 0x0000000081d00000, 0x0000000081e00000|  0%| F|  |TAMS 0x0000000081d00000| PB 0x0000000081d00000| Untracked 
|   8|0x0000000081e00000, 0x0000000081e00000, 0x0000000081f00000|  0%| F|  |TAMS 0x0000000081e00000| PB 0x0000000081e00000| Untracked 
|   9|0x0000000081f00000, 0x0000000081f00000, 0x0000000082000000|  0%| F|  |TAMS 0x0000000081f00000| PB 0x0000000081f00000| Untracked 
|  10|0x0000000082000000, 0x0000000082000000, 0x0000000082100000|  0%| F|  |TAMS 0x0000000082000000| PB 0x0000000082000000| Untracked 
|  11|0x0000000082100000, 0x0000000082100000, 0x0000000082200000|  0%| F|  |TAMS 0x0000000082100000| PB 0x0000000082100000| Untracked 
|  12|0x0000000082200000, 0x0000000082200000, 0x0000000082300000|  0%| F|  |TAMS 0x0000000082200000| PB 0x0000000082200000| Untracked 
|  13|0x0000000082300000, 0x0000000082300000, 0x0000000082400000|  0%| F|  |TAMS 0x0000000082300000| PB 0x0000000082300000| Untracked 
|  14|0x0000000082400000, 0x0000000082400000, 0x0000000082500000|  0%| F|  |TAMS 0x0000000082400000| PB 0x0000000082400000| Untracked 
|  15|0x0000000082500000, 0x0000000082500000, 0x0000000082600000|  0%| F|  |TAMS 0x0000000082500000| PB 0x0000000082500000| Untracked 
|  16|0x0000000082600000, 0x0000000082600000, 0x0000000082700000|  0%| F|  |TAMS 0x0000000082600000| PB 0x0000000082600000| Untracked 
|  17|0x0000000082700000, 0x0000000082700000, 0x0000000082800000|  0%| F|  |TAMS 0x0000000082700000| PB 0x0000000082700000| Untracked 
|  18|0x0000000082800000, 0x0000000082800000, 0x0000000082900000|  0%| F|  |TAMS 0x0000000082800000| PB 0x0000000082800000| Untracked 
|  19|0x0000000082900000, 0x0000000082900000, 0x0000000082a00000|  0%| F|  |TAMS 0x0000000082900000| PB 0x0000000082900000| Untracked 
|  20|0x0000000082a00000, 0x0000000082a00000, 0x0000000082b00000|  0%| F|  |TAMS 0x0000000082a00000| PB 0x0000000082a00000| Untracked 
|  21|0x0000000082b00000, 0x0000000082b00000, 0x0000000082c00000|  0%| F|  |TAMS 0x0000000082b00000| PB 0x0000000082b00000| Untracked 
|  22|0x0000000082c00000, 0x0000000082c00000, 0x0000000082d00000|  0%| F|  |TAMS 0x0000000082c00000| PB 0x0000000082c00000| Untracked 
|  23|0x0000000082d00000, 0x0000000082d00000, 0x0000000082e00000|  0%| F|  |TAMS 0x0000000082d00000| PB 0x0000000082d00000| Untracked 
|  24|0x0000000082e00000, 0x0000000082e00000, 0x0000000082f00000|  0%| F|  |TAMS 0x0000000082e00000| PB 0x0000000082e00000| Untracked 
|  25|0x0000000082f00000, 0x0000000082f00000, 0x0000000083000000|  0%| F|  |TAMS 0x0000000082f00000| PB 0x0000000082f00000| Untracked 
|  26|0x0000000083000000, 0x0000000083000000, 0x0000000083100000|  0%| F|  |TAMS 0x0000000083000000| PB 0x0000000083000000| Untracked 
|  27|0x0000000083100000, 0x0000000083100000, 0x0000000083200000|  0%| F|  |TAMS 0x0000000083100000| PB 0x0000000083100000| Untracked 
|  28|0x0000000083200000, 0x0000000083200000, 0x0000000083300000|  0%| F|  |TAMS 0x0000000083200000| PB 0x0000000083200000| Untracked 
|  29|0x0000000083300000, 0x0000000083300000, 0x0000000083400000|  0%| F|  |TAMS 0x0000000083300000| PB 0x0000000083300000| Untracked 
|  30|0x0000000083400000, 0x0000000083400000, 0x0000000083500000|  0%| F|  |TAMS 0x0000000083400000| PB 0x0000000083400000| Untracked 
|  31|0x0000000083500000, 0x0000000083500000, 0x0000000083600000|  0%| F|  |TAMS 0x0000000083500000| PB 0x0000000083500000| Untracked 
|  32|0x0000000083600000, 0x0000000083600000, 0x0000000083700000|  0%| F|  |TAMS 0x0000000083600000| PB 0x0000000083600000| Untracked 
|  33|0x0000000083700000, 0x0000000083700000, 0x0000000083800000|  0%| F|  |TAMS 0x0000000083700000| PB 0x0000000083700000| Untracked 
|  34|0x0000000083800000, 0x0000000083800000, 0x0000000083900000|  0%| F|  |TAMS 0x0000000083800000| PB 0x0000000083800000| Untracked 
|  35|0x0000000083900000, 0x0000000083900000, 0x0000000083a00000|  0%| F|  |TAMS 0x0000000083900000| PB 0x0000000083900000| Untracked 
|  36|0x0000000083a00000, 0x0000000083a00000, 0x0000000083b00000|  0%| F|  |TAMS 0x0000000083a00000| PB 0x0000000083a00000| Untracked 
|  37|0x0000000083b00000, 0x0000000083b00000, 0x0000000083c00000|  0%| F|  |TAMS 0x0000000083b00000| PB 0x0000000083b00000| Untracked 
|  38|0x0000000083c00000, 0x0000000083c00000, 0x0000000083d00000|  0%| F|  |TAMS 0x0000000083c00000| PB 0x0000000083c00000| Untracked 
|  39|0x0000000083d00000, 0x0000000083d00000, 0x0000000083e00000|  0%| F|  |TAMS 0x0000000083d00000| PB 0x0000000083d00000| Untracked 
|  40|0x0000000083e00000, 0x0000000083e00000, 0x0000000083f00000|  0%| F|  |TAMS 0x0000000083e00000| PB 0x0000000083e00000| Untracked 
|  41|0x0000000083f00000, 0x0000000083f00000, 0x0000000084000000|  0%| F|  |TAMS 0x0000000083f00000| PB 0x0000000083f00000| Untracked 
|  42|0x0000000084000000, 0x0000000084000000, 0x0000000084100000|  0%| F|  |TAMS 0x0000000084000000| PB 0x0000000084000000| Untracked 
|  43|0x0000000084100000, 0x0000000084100000, 0x0000000084200000|  0%| F|  |TAMS 0x0000000084100000| PB 0x0000000084100000| Untracked 
|  44|0x0000000084200000, 0x0000000084200000, 0x0000000084300000|  0%| F|  |TAMS 0x0000000084200000| PB 0x0000000084200000| Untracked 
|  45|0x0000000084300000, 0x0000000084300000, 0x0000000084400000|  0%| F|  |TAMS 0x0000000084300000| PB 0x0000000084300000| Untracked 
|  46|0x0000000084400000, 0x0000000084400000, 0x0000000084500000|  0%| F|  |TAMS 0x0000000084400000| PB 0x0000000084400000| Untracked 
|  47|0x0000000084500000, 0x0000000084500000, 0x0000000084600000|  0%| F|  |TAMS 0x0000000084500000| PB 0x0000000084500000| Untracked 
|  48|0x0000000084600000, 0x0000000084600000, 0x0000000084700000|  0%| F|  |TAMS 0x0000000084600000| PB 0x0000000084600000| Untracked 
|  49|0x0000000084700000, 0x0000000084700000, 0x0000000084800000|  0%| F|  |TAMS 0x0000000084700000| PB 0x0000000084700000| Untracked 
|  50|0x0000000084800000, 0x0000000084800000, 0x0000000084900000|  0%| F|  |TAMS 0x0000000084800000| PB 0x0000000084800000| Untracked 
|  51|0x0000000084900000, 0x0000000084900000, 0x0000000084a00000|  0%| F|  |TAMS 0x0000000084900000| PB 0x0000000084900000| Untracked 
|  52|0x0000000084a00000, 0x0000000084a00000, 0x0000000084b00000|  0%| F|  |TAMS 0x0000000084a00000| PB 0x0000000084a00000| Untracked 
|  53|0x0000000084b00000, 0x0000000084b00000, 0x0000000084c00000|  0%| F|  |TAMS 0x0000000084b00000| PB 0x0000000084b00000| Untracked 
|  54|0x0000000084c00000, 0x0000000084c00000, 0x0000000084d00000|  0%| F|  |TAMS 0x0000000084c00000| PB 0x0000000084c00000| Untracked 
|  55|0x0000000084d00000, 0x0000000084d00000, 0x0000000084e00000|  0%| F|  |TAMS 0x0000000084d00000| PB 0x0000000084d00000| Untracked 
|  56|0x0000000084e00000, 0x0000000084e00000, 0x0000000084f00000|  0%| F|  |TAMS 0x0000000084e00000| PB 0x0000000084e00000| Untracked 
|  57|0x0000000084f00000, 0x0000000084f00000, 0x0000000085000000|  0%| F|  |TAMS 0x0000000084f00000| PB 0x0000000084f00000| Untracked 
|  58|0x0000000085000000, 0x0000000085000000, 0x0000000085100000|  0%| F|  |TAMS 0x0000000085000000| PB 0x0000000085000000| Untracked 
|  59|0x0000000085100000, 0x0000000085100000, 0x0000000085200000|  0%| F|  |TAMS 0x0000000085100000| PB 0x0000000085100000| Untracked 
|  60|0x0000000085200000, 0x0000000085200000, 0x0000000085300000|  0%| F|  |TAMS 0x0000000085200000| PB 0x0000000085200000| Untracked 
|  61|0x0000000085300000, 0x0000000085300000, 0x0000000085400000|  0%| F|  |TAMS 0x0000000085300000| PB 0x0000000085300000| Untracked 
|  62|0x0000000085400000, 0x0000000085400000, 0x0000000085500000|  0%| F|  |TAMS 0x0000000085400000| PB 0x0000000085400000| Untracked 
|  63|0x0000000085500000, 0x0000000085500000, 0x0000000085600000|  0%| F|  |TAMS 0x0000000085500000| PB 0x0000000085500000| Untracked 
|  64|0x0000000085600000, 0x0000000085600000, 0x0000000085700000|  0%| F|  |TAMS 0x0000000085600000| PB 0x0000000085600000| Untracked 
|  65|0x0000000085700000, 0x0000000085700000, 0x0000000085800000|  0%| F|  |TAMS 0x0000000085700000| PB 0x0000000085700000| Untracked 
|  66|0x0000000085800000, 0x0000000085800000, 0x0000000085900000|  0%| F|  |TAMS 0x0000000085800000| PB 0x0000000085800000| Untracked 
|  67|0x0000000085900000, 0x0000000085900000, 0x0000000085a00000|  0%| F|  |TAMS 0x0000000085900000| PB 0x0000000085900000| Untracked 
|  68|0x0000000085a00000, 0x0000000085a00000, 0x0000000085b00000|  0%| F|  |TAMS 0x0000000085a00000| PB 0x0000000085a00000| Untracked 
|  69|0x0000000085b00000, 0x0000000085b00000, 0x0000000085c00000|  0%| F|  |TAMS 0x0000000085b00000| PB 0x0000000085b00000| Untracked 
|  70|0x0000000085c00000, 0x0000000085c00000, 0x0000000085d00000|  0%| F|  |TAMS 0x0000000085c00000| PB 0x0000000085c00000| Untracked 
|  71|0x0000000085d00000, 0x0000000085d00000, 0x0000000085e00000|  0%| F|  |TAMS 0x0000000085d00000| PB 0x0000000085d00000| Untracked 
|  72|0x0000000085e00000, 0x0000000085f00000, 0x0000000085f00000|100%| E|  |TAMS 0x0000000085e00000| PB 0x0000000085e00000| Complete 
|  73|0x0000000085f00000, 0x0000000086000000, 0x0000000086000000|100%| E|CS|TAMS 0x0000000085f00000| PB 0x0000000085f00000| Complete 
|  74|0x0000000086000000, 0x0000000086100000, 0x0000000086100000|100%| E|CS|TAMS 0x0000000086000000| PB 0x0000000086000000| Complete 
|  75|0x0000000086100000, 0x0000000086200000, 0x0000000086200000|100%| E|CS|TAMS 0x0000000086100000| PB 0x0000000086100000| Complete 
|  76|0x0000000086200000, 0x0000000086300000, 0x0000000086300000|100%| E|CS|TAMS 0x0000000086200000| PB 0x0000000086200000| Complete 
|  77|0x0000000086300000, 0x0000000086400000, 0x0000000086400000|100%| E|CS|TAMS 0x0000000086300000| PB 0x0000000086300000| Complete 
|  78|0x0000000086400000, 0x0000000086500000, 0x0000000086500000|100%| E|CS|TAMS 0x0000000086400000| PB 0x0000000086400000| Complete 
|  79|0x0000000086500000, 0x0000000086600000, 0x0000000086600000|100%| E|CS|TAMS 0x0000000086500000| PB 0x0000000086500000| Complete 
|  80|0x0000000086600000, 0x0000000086700000, 0x0000000086700000|100%| E|CS|TAMS 0x0000000086600000| PB 0x0000000086600000| Complete 
|  81|0x0000000086700000, 0x0000000086800000, 0x0000000086800000|100%| E|CS|TAMS 0x0000000086700000| PB 0x0000000086700000| Complete 
|  82|0x0000000086800000, 0x0000000086900000, 0x0000000086900000|100%| E|CS|TAMS 0x0000000086800000| PB 0x0000000086800000| Complete 
|  83|0x0000000086900000, 0x0000000086a00000, 0x0000000086a00000|100%| E|CS|TAMS 0x0000000086900000| PB 0x0000000086900000| Complete 
|  84|0x0000000086a00000, 0x0000000086b00000, 0x0000000086b00000|100%| S|CS|TAMS 0x0000000086a00000| PB 0x0000000086a00000| Complete 
|  85|0x0000000086b00000, 0x0000000086c00000, 0x0000000086c00000|100%| S|CS|TAMS 0x0000000086b00000| PB 0x0000000086b00000| Complete 
|  86|0x0000000086c00000, 0x0000000086d00000, 0x0000000086d00000|100%| S|CS|TAMS 0x0000000086c00000| PB 0x0000000086c00000| Complete 
|  87|0x0000000086d00000, 0x0000000086e00000, 0x0000000086e00000|100%| S|CS|TAMS 0x0000000086d00000| PB 0x0000000086d00000| Complete 
|  88|0x0000000086e00000, 0x0000000086f00000, 0x0000000086f00000|100%| S|CS|TAMS 0x0000000086e00000| PB 0x0000000086e00000| Complete 
|  89|0x0000000086f00000, 0x0000000087000000, 0x0000000087000000|100%| E|CS|TAMS 0x0000000086f00000| PB 0x0000000086f00000| Complete 
|  90|0x0000000087000000, 0x0000000087100000, 0x0000000087100000|100%| E|CS|TAMS 0x0000000087000000| PB 0x0000000087000000| Complete 
|  91|0x0000000087100000, 0x0000000087200000, 0x0000000087200000|100%| E|CS|TAMS 0x0000000087100000| PB 0x0000000087100000| Complete 
|  92|0x0000000087200000, 0x0000000087300000, 0x0000000087300000|100%| E|CS|TAMS 0x0000000087200000| PB 0x0000000087200000| Complete 
|  93|0x0000000087300000, 0x0000000087400000, 0x0000000087400000|100%| E|CS|TAMS 0x0000000087300000| PB 0x0000000087300000| Complete 
|  94|0x0000000087400000, 0x0000000087500000, 0x0000000087500000|100%| E|CS|TAMS 0x0000000087400000| PB 0x0000000087400000| Complete 
|  95|0x0000000087500000, 0x0000000087600000, 0x0000000087600000|100%| E|CS|TAMS 0x0000000087500000| PB 0x0000000087500000| Complete 
|  96|0x0000000087600000, 0x0000000087700000, 0x0000000087700000|100%| E|CS|TAMS 0x0000000087600000| PB 0x0000000087600000| Complete 
|  97|0x0000000087700000, 0x0000000087800000, 0x0000000087800000|100%| E|CS|TAMS 0x0000000087700000| PB 0x0000000087700000| Complete 
|  98|0x0000000087800000, 0x0000000087900000, 0x0000000087900000|100%| E|CS|TAMS 0x0000000087800000| PB 0x0000000087800000| Complete 
|  99|0x0000000087900000, 0x0000000087a00000, 0x0000000087a00000|100%| E|CS|TAMS 0x0000000087900000| PB 0x0000000087900000| Complete 
| 100|0x0000000087a00000, 0x0000000087b00000, 0x0000000087b00000|100%| E|CS|TAMS 0x0000000087a00000| PB 0x0000000087a00000| Complete 
| 101|0x0000000087b00000, 0x0000000087c00000, 0x0000000087c00000|100%| E|CS|TAMS 0x0000000087b00000| PB 0x0000000087b00000| Complete 
| 102|0x0000000087c00000, 0x0000000087d00000, 0x0000000087d00000|100%| E|CS|TAMS 0x0000000087c00000| PB 0x0000000087c00000| Complete 
| 103|0x0000000087d00000, 0x0000000087e00000, 0x0000000087e00000|100%| E|CS|TAMS 0x0000000087d00000| PB 0x0000000087d00000| Complete 
| 104|0x0000000087e00000, 0x0000000087f00000, 0x0000000087f00000|100%| E|CS|TAMS 0x0000000087e00000| PB 0x0000000087e00000| Complete 
| 105|0x0000000087f00000, 0x0000000088000000, 0x0000000088000000|100%| E|CS|TAMS 0x0000000087f00000| PB 0x0000000087f00000| Complete 
| 106|0x0000000088000000, 0x0000000088100000, 0x0000000088100000|100%| E|CS|TAMS 0x0000000088000000| PB 0x0000000088000000| Complete 
| 107|0x0000000088100000, 0x0000000088200000, 0x0000000088200000|100%| E|CS|TAMS 0x0000000088100000| PB 0x0000000088100000| Complete 
| 108|0x0000000088200000, 0x0000000088300000, 0x0000000088300000|100%| E|CS|TAMS 0x0000000088200000| PB 0x0000000088200000| Complete 
| 109|0x0000000088300000, 0x0000000088400000, 0x0000000088400000|100%| E|CS|TAMS 0x0000000088300000| PB 0x0000000088300000| Complete 
| 110|0x0000000088400000, 0x0000000088500000, 0x0000000088500000|100%| E|CS|TAMS 0x0000000088400000| PB 0x0000000088400000| Complete 
| 111|0x0000000088500000, 0x0000000088600000, 0x0000000088600000|100%| E|CS|TAMS 0x0000000088500000| PB 0x0000000088500000| Complete 
| 112|0x0000000088600000, 0x0000000088700000, 0x0000000088700000|100%| E|CS|TAMS 0x0000000088600000| PB 0x0000000088600000| Complete 
| 113|0x0000000088700000, 0x0000000088800000, 0x0000000088800000|100%| E|CS|TAMS 0x0000000088700000| PB 0x0000000088700000| Complete 
| 114|0x0000000088800000, 0x0000000088900000, 0x0000000088900000|100%| E|CS|TAMS 0x0000000088800000| PB 0x0000000088800000| Complete 
| 115|0x0000000088900000, 0x0000000088a00000, 0x0000000088a00000|100%| E|CS|TAMS 0x0000000088900000| PB 0x0000000088900000| Complete 
| 116|0x0000000088a00000, 0x0000000088b00000, 0x0000000088b00000|100%| E|CS|TAMS 0x0000000088a00000| PB 0x0000000088a00000| Complete 
| 117|0x0000000088b00000, 0x0000000088c00000, 0x0000000088c00000|100%| E|CS|TAMS 0x0000000088b00000| PB 0x0000000088b00000| Complete 
| 118|0x0000000088c00000, 0x0000000088d00000, 0x0000000088d00000|100%| E|CS|TAMS 0x0000000088c00000| PB 0x0000000088c00000| Complete 
| 119|0x0000000088d00000, 0x0000000088e00000, 0x0000000088e00000|100%| E|CS|TAMS 0x0000000088d00000| PB 0x0000000088d00000| Complete 
| 120|0x0000000088e00000, 0x0000000088f00000, 0x0000000088f00000|100%| E|CS|TAMS 0x0000000088e00000| PB 0x0000000088e00000| Complete 
| 121|0x0000000088f00000, 0x0000000089000000, 0x0000000089000000|100%| E|CS|TAMS 0x0000000088f00000| PB 0x0000000088f00000| Complete 
| 122|0x0000000089000000, 0x0000000089100000, 0x0000000089100000|100%| E|CS|TAMS 0x0000000089000000| PB 0x0000000089000000| Complete 
| 123|0x0000000089100000, 0x0000000089200000, 0x0000000089200000|100%| E|CS|TAMS 0x0000000089100000| PB 0x0000000089100000| Complete 
| 124|0x0000000089200000, 0x0000000089300000, 0x0000000089300000|100%| E|CS|TAMS 0x0000000089200000| PB 0x0000000089200000| Complete 
| 125|0x0000000089300000, 0x0000000089400000, 0x0000000089400000|100%| E|CS|TAMS 0x0000000089300000| PB 0x0000000089300000| Complete 
| 126|0x0000000089400000, 0x0000000089500000, 0x0000000089500000|100%| E|CS|TAMS 0x0000000089400000| PB 0x0000000089400000| Complete 
| 127|0x0000000089500000, 0x0000000089600000, 0x0000000089600000|100%| E|CS|TAMS 0x0000000089500000| PB 0x0000000089500000| Complete 

Card table byte_map: [0x0000021a9f4f0000,0x0000021a9f8f0000] _byte_map_base: 0x0000021a9f0e5000

Marking Bits: (CMBitMap*) 0x0000021a8cca51e0
 Bits: [0x0000021a9f8f0000, 0x0000021aa1898000)

Polling page: 0x0000021a8ac40000

Metaspace:

Usage:
  Non-class:     17.61 MB used.
      Class:      2.31 MB used.
       Both:     19.92 MB used.

Virtual space:
  Non-class space:       64.00 MB reserved,      17.75 MB ( 28%) committed,  1 nodes.
      Class space:        1.00 GB reserved,       2.44 MB ( <1%) committed,  1 nodes.
             Both:        1.06 GB reserved,      20.19 MB (  2%) committed. 

Chunk freelists:
   Non-Class:  13.91 MB
       Class:  13.52 MB
        Both:  27.42 MB

MaxMetaspaceSize: unlimited
CompressedClassSpaceSize: 1.00 GB
Initial GC threshold: 21.00 MB
Current GC threshold: 21.00 MB
CDS: off
 - commit_granule_bytes: 65536.
 - commit_granule_words: 8192.
 - virtual_space_node_default_size: 8388608.
 - enlarge_chunks_in_place: 1.
 - use_allocation_guard: 0.


Internal statistics:

num_allocs_failed_limit: 0.
num_arena_births: 236.
num_arena_deaths: 0.
num_vsnodes_births: 2.
num_vsnodes_deaths: 0.
num_space_committed: 323.
num_space_uncommitted: 0.
num_chunks_returned_to_freelist: 0.
num_chunks_taken_from_freelist: 578.
num_chunk_merges: 0.
num_chunk_splits: 357.
num_chunks_enlarged: 254.
num_inconsistent_stats: 0.

CodeHeap 'non-profiled nmethods': size=120000Kb used=1183Kb max_used=1183Kb free=118816Kb
 bounds [0x0000021a97890000, 0x0000021a97b00000, 0x0000021a9edc0000]
CodeHeap 'profiled nmethods': size=120000Kb used=4727Kb max_used=4727Kb free=115272Kb
 bounds [0x0000021a8fdc0000, 0x0000021a90260000, 0x0000021a972f0000]
CodeHeap 'non-nmethods': size=5760Kb used=1315Kb max_used=1339Kb free=4444Kb
 bounds [0x0000021a972f0000, 0x0000021a97560000, 0x0000021a97890000]
CodeCache: size=245760Kb, used=7225Kb, max_used=7249Kb, free=238532Kb
 total_blobs=2930, nmethods=2429, adapters=406, full_count=0
Compilation: enabled, stopped_count=0, restarted_count=0

Compilation events (20 events):
Event: 182.355 Thread 0x0000021aa44ddb60 2418       3       java.util.ArrayDeque::size (17 bytes)
Event: 182.355 Thread 0x0000021aa44ddb60 nmethod 2418 0x0000021a9025a990 code [0x0000021a9025ab40, 0x0000021a9025ace8]
Event: 182.355 Thread 0x0000021aa44ddb60 2419       3       java.util.ArrayDeque::sub (14 bytes)
Event: 182.355 Thread 0x0000021aa44ddb60 nmethod 2419 0x0000021a9025ae10 code [0x0000021a9025afa0, 0x0000021a9025b0c0]
Event: 182.355 Thread 0x0000021aa44ddb60 2421   !   3       java.nio.file.FileChannelLinesSpliterator::readLine (37 bytes)
Event: 182.355 Thread 0x0000021aa44ddb60 nmethod 2421 0x0000021a9025b190 code [0x0000021a9025b380, 0x0000021a9025b740]
Event: 182.355 Thread 0x0000021aa44ddb60 2422       3       java.util.stream.Collectors$$Lambda/0x0000000100265940::accept (11 bytes)
Event: 182.355 Thread 0x0000021aa44ddb60 nmethod 2422 0x0000021a9025b910 code [0x0000021a9025bac0, 0x0000021a9025bd90]
Event: 182.355 Thread 0x0000021aa44ddb60 2423       3       com.google.common.collect.EvictingQueue::add (48 bytes)
Event: 182.355 Thread 0x0000021aa44ddb60 nmethod 2423 0x0000021a9025be90 code [0x0000021a9025c0a0, 0x0000021a9025c738]
Event: 182.355 Thread 0x0000021aa44ddb60 2424       3       com.google.common.collect.ForwardingCollection::size (10 bytes)
Event: 182.355 Thread 0x0000021aa44ddb60 nmethod 2424 0x0000021a9025c990 code [0x0000021a9025cb40, 0x0000021a9025cd80]
Event: 182.355 Thread 0x0000021aa44ddb60 2425       3       com.google.common.collect.EvictingQueue::delegate (5 bytes)
Event: 182.355 Thread 0x0000021aa44ddb60 nmethod 2425 0x0000021a9025ce90 code [0x0000021a9025d020, 0x0000021a9025d140]
Event: 182.355 Thread 0x0000021aa44ddb60 2426       3       java.util.ArrayDeque::removeFirst (19 bytes)
Event: 182.356 Thread 0x0000021aa44ddb60 nmethod 2426 0x0000021a9025d210 code [0x0000021a9025d3e0, 0x0000021a9025d620]
Event: 182.378 Thread 0x0000021aa44ddb60 2428       1       java.lang.invoke.MethodHandleNatives::isPullModeBSM (2 bytes)
Event: 182.378 Thread 0x0000021aa44ddb60 nmethod 2428 0x0000021a979b7b10 code [0x0000021a979b7ca0, 0x0000021a979b7d48]
Event: 182.379 Thread 0x0000021aa44ddb60 2429       3       java.lang.invoke.ConstantCallSite::getTarget (20 bytes)
Event: 182.380 Thread 0x0000021aa44ddb60 nmethod 2429 0x0000021a9025d710 code [0x0000021a9025d8c0, 0x0000021a9025dad8]

GC Heap History (4 events):
Event: 0.547 GC heap before
{Heap before GC invocations=0 (full 0):
 garbage-first heap   total 131072K, used 23552K [0x0000000081600000, 0x0000000100000000)
  region size 1024K, 23 young (23552K), 0 survivors (0K)
 Metaspace       used 8885K, committed 9088K, reserved 1114112K
  class space    used 820K, committed 960K, reserved 1048576K
}
Event: 0.552 GC heap after
{Heap after GC invocations=1 (full 0):
 garbage-first heap   total 131072K, used 1535K [0x0000000081600000, 0x0000000100000000)
  region size 1024K, 2 young (2048K), 2 survivors (2048K)
 Metaspace       used 8885K, committed 9088K, reserved 1114112K
  class space    used 820K, committed 960K, reserved 1048576K
}
Event: 1.528 GC heap before
{Heap before GC invocations=1 (full 0):
 garbage-first heap   total 131072K, used 41471K [0x0000000081600000, 0x0000000100000000)
  region size 1024K, 39 young (39936K), 2 survivors (2048K)
 Metaspace       used 13511K, committed 13696K, reserved 1114112K
  class space    used 1501K, committed 1600K, reserved 1048576K
}
Event: 1.538 GC heap after
{Heap after GC invocations=2 (full 0):
 garbage-first heap   total 131072K, used 10312K [0x0000000081600000, 0x0000000100000000)
  region size 1024K, 5 young (5120K), 5 survivors (5120K)
 Metaspace       used 13511K, committed 13696K, reserved 1114112K
  class space    used 1501K, committed 1600K, reserved 1048576K
}

Dll operation events (3 events):
Event: 0.007 Loaded shared library C:\Program Files\Android\Android Studio\jbr\bin\java.dll
Event: 0.012 Loaded shared library C:\Program Files\Android\Android Studio\jbr\bin\zip.dll
Event: 0.119 Loaded shared library C:\Program Files\Android\Android Studio\jbr\bin\verify.dll

Deoptimization events (20 events):
Event: 150.018 Thread 0x0000021aa9c76dc0 Uncommon trap: trap_request=0xffffff45 fr.pc=0x0000021a97926348 relative=0x0000000000000648
Event: 150.019 Thread 0x0000021aa9c76dc0 Uncommon trap: reason=unstable_if action=reinterpret pc=0x0000021a97926348 method=java.lang.Integer.getChars(II[B)I @ 25 c2
Event: 150.019 Thread 0x0000021aa9c76dc0 DEOPT PACKING pc=0x0000021a97926348 sp=0x0000007c1adfe440
Event: 150.019 Thread 0x0000021aa9c76dc0 DEOPT UNPACKING pc=0x0000021a973443a2 sp=0x0000007c1adfe398 mode 2
Event: 150.019 Thread 0x0000021aa9c76dc0 Uncommon trap: trap_request=0xffffff45 fr.pc=0x0000021a979258d0 relative=0x0000000000000130
Event: 150.019 Thread 0x0000021aa9c76dc0 Uncommon trap: reason=unstable_if action=reinterpret pc=0x0000021a979258d0 method=java.lang.Integer.getChars(II[B)I @ 25 c2
Event: 150.019 Thread 0x0000021aa9c76dc0 DEOPT PACKING pc=0x0000021a979258d0 sp=0x0000007c1adfe410
Event: 150.019 Thread 0x0000021aa9c76dc0 DEOPT UNPACKING pc=0x0000021a973443a2 sp=0x0000007c1adfe398 mode 2
Event: 182.317 Thread 0x0000021a8a9a0570 Uncommon trap: trap_request=0xffffff45 fr.pc=0x0000021a979af560 relative=0x0000000000000300
Event: 182.317 Thread 0x0000021a8a9a0570 Uncommon trap: reason=unstable_if action=reinterpret pc=0x0000021a979af560 method=com.esotericsoftware.kryo.io.Input.require(I)I @ 180 c2
Event: 182.317 Thread 0x0000021a8a9a0570 DEOPT PACKING pc=0x0000021a979af560 sp=0x0000007c196fdef0
Event: 182.317 Thread 0x0000021a8a9a0570 DEOPT UNPACKING pc=0x0000021a973443a2 sp=0x0000007c196fdd58 mode 2
Event: 182.351 Thread 0x0000021a8a9a0570 Uncommon trap: trap_request=0xffffff45 fr.pc=0x0000021a979953a0 relative=0x00000000000010a0
Event: 182.351 Thread 0x0000021a8a9a0570 Uncommon trap: reason=unstable_if action=reinterpret pc=0x0000021a979953a0 method=sun.nio.ch.IOUtil.readIntoNativeBuffer(Ljava/io/FileDescriptor;Ljava/nio/ByteBuffer;JZZILsun/nio/ch/NativeDispatcher;)I @ 92 c2
Event: 182.351 Thread 0x0000021a8a9a0570 DEOPT PACKING pc=0x0000021a979953a0 sp=0x0000007c196fd700
Event: 182.352 Thread 0x0000021a8a9a0570 DEOPT UNPACKING pc=0x0000021a973443a2 sp=0x0000007c196fd5e8 mode 2
Event: 182.352 Thread 0x0000021a8a9a0570 Uncommon trap: trap_request=0xffffff45 fr.pc=0x0000021a97997800 relative=0x0000000000000280
Event: 182.352 Thread 0x0000021a8a9a0570 Uncommon trap: reason=unstable_if action=reinterpret pc=0x0000021a97997800 method=sun.nio.ch.IOUtil.readIntoNativeBuffer(Ljava/io/FileDescriptor;Ljava/nio/ByteBuffer;JZZILsun/nio/ch/NativeDispatcher;)I @ 92 c2
Event: 182.352 Thread 0x0000021a8a9a0570 DEOPT PACKING pc=0x0000021a97997800 sp=0x0000007c196fd640
Event: 182.352 Thread 0x0000021a8a9a0570 DEOPT UNPACKING pc=0x0000021a973443a2 sp=0x0000007c196fd5d8 mode 2

Classes loaded (20 events):
Event: 182.313 Loading class sun/net/ConnectionResetException
Event: 182.313 Loading class sun/net/ConnectionResetException done
Event: 182.337 Loading class java/nio/file/FileChannelLinesSpliterator
Event: 182.337 Loading class java/nio/file/FileChannelLinesSpliterator done
Event: 182.342 Loading class sun/nio/ch/FileChannelImpl$Closer
Event: 182.343 Loading class sun/nio/ch/FileChannelImpl$Closer done
Event: 182.345 Loading class java/util/stream/Streams$1
Event: 182.345 Loading class java/util/stream/Streams$1 done
Event: 182.350 Loading class java/nio/file/FileChannelLinesSpliterator$1
Event: 182.350 Loading class java/nio/file/FileChannelLinesSpliterator$1 done
Event: 182.350 Loading class java/nio/channels/Channels
Event: 182.350 Loading class java/nio/channels/Channels done
Event: 182.350 Loading class java/io/FileReader
Event: 182.351 Loading class java/io/FileReader done
Event: 182.373 Loading class java/util/concurrent/ConcurrentLinkedQueue$Itr
Event: 182.374 Loading class java/util/concurrent/ConcurrentLinkedQueue$Itr done
Event: 182.379 Loading class java/time/Instant
Event: 182.380 Loading class java/time/temporal/TemporalAdjuster
Event: 182.380 Loading class java/time/temporal/TemporalAdjuster done
Event: 182.380 Loading class java/time/Instant done

Classes unloaded (0 events):
No events

Classes redefined (0 events):
No events

Internal exceptions (20 events):
Event: 1.685 Thread 0x0000021a8a9a0570 Exception <a 'sun/nio/fs/WindowsException'{0x00000000892d3c40}> (0x00000000892d3c40) 
thrown [s\src\hotspot\share\prims\jni.cpp, line 537]
Event: 1.685 Thread 0x0000021a8a9a0570 Exception <a 'sun/nio/fs/WindowsException'{0x00000000892d4810}> (0x00000000892d4810) 
thrown [s\src\hotspot\share\prims\jni.cpp, line 537]
Event: 1.688 Thread 0x0000021a8a9a0570 Exception <a 'sun/nio/fs/WindowsException'{0x00000000892da5f8}> (0x00000000892da5f8) 
thrown [s\src\hotspot\share\prims\jni.cpp, line 537]
Event: 1.689 Thread 0x0000021a8a9a0570 Exception <a 'sun/nio/fs/WindowsException'{0x00000000892dc338}> (0x00000000892dc338) 
thrown [s\src\hotspot\share\prims\jni.cpp, line 537]
Event: 1.690 Thread 0x0000021a8a9a0570 Exception <a 'sun/nio/fs/WindowsException'{0x00000000892de7b0}> (0x00000000892de7b0) 
thrown [s\src\hotspot\share\prims\jni.cpp, line 537]
Event: 1.805 Thread 0x0000021a8a9a0570 Exception <a 'java/lang/NoSuchMethodError'{0x00000000891db7a8}: 'java.lang.Object java.lang.invoke.DirectMethodHandle$Holder.invokeStaticInit(java.lang.Object, java.lang.Object, int, int, int, int)'> (0x00000000891db7a8) 
thrown [s\src\hotspot\share\interpreter\linkResolver.cpp, line 784]
Event: 1.821 Thread 0x0000021a8a9a0570 Exception <a 'java/lang/NoSuchMethodError'{0x0000000089010008}: 'int java.lang.invoke.DirectMethodHandle$Holder.invokeStatic(java.lang.Object)'> (0x0000000089010008) 
thrown [s\src\hotspot\share\interpreter\linkResolver.cpp, line 784]
Event: 1.821 Thread 0x0000021a8a9a0570 Exception <a 'java/lang/NoSuchMethodError'{0x0000000089013500}: 'int java.lang.invoke.DirectMethodHandle$Holder.invokeStaticInit(java.lang.Object)'> (0x0000000089013500) 
thrown [s\src\hotspot\share\interpreter\linkResolver.cpp, line 784]
Event: 1.826 Thread 0x0000021a8a9a0570 Exception <a 'sun/nio/fs/WindowsException'{0x0000000089030ba8}> (0x0000000089030ba8) 
thrown [s\src\hotspot\share\prims\jni.cpp, line 537]
Event: 1.826 Thread 0x0000021a8a9a0570 Implicit null exception at 0x0000021a978ee7a4 to 0x0000021a978eee40
Event: 1.931 Thread 0x0000021a8a9a0570 Exception <a 'java/lang/NoSuchMethodError'{0x0000000088ffac48}: 'java.lang.Object java.lang.invoke.DirectMethodHandle$Holder.invokeVirtual(java.lang.Object, java.lang.Object, java.lang.Object, java.lang.Object, java.lang.Object)'> (0x0000000088ffac48) 
thrown [s\src\hotspot\share\interpreter\linkResolver.cpp, line 784]
Event: 1.933 Thread 0x0000021a8a9a0570 Exception <a 'java/lang/NoSuchMethodError'{0x0000000088e0ddc0}: 'java.lang.Object java.lang.invoke.Invokers$Holder.invokeExact_MT(java.lang.Object, java.lang.Object, java.lang.Object, java.lang.Object, java.lang.Object, java.lang.Object)'> (0x0000000088e0ddc0) 
thrown [s\src\hotspot\share\interpreter\linkResolver.cpp, line 784]
Event: 2.022 Thread 0x0000021a8a9a0570 Exception <a 'java/lang/NoSuchMethodError'{0x0000000088c475d8}: 'java.lang.Object java.lang.invoke.DirectMethodHandle$Holder.invokeVirtual(java.lang.Object, java.lang.Object, java.lang.Object, java.lang.Object, java.lang.Object, java.lang.Object, java.lang.Object, java.lang.Object, java.lang.Object)'> (0x0000000088c475d8) 
thrown [s\src\hotspot\share\interpreter\linkResolver.cpp, line 784]
Event: 2.398 Thread 0x0000021a8a9a0570 Exception <a 'sun/nio/fs/WindowsException'{0x00000000877e3530}> (0x00000000877e3530) 
thrown [s\src\hotspot\share\prims\jni.cpp, line 537]
Event: 2.678 Thread 0x0000021aaa32a750 Exception <a 'java/lang/NoSuchMethodError'{0x00000000865a2150}: 'void java.lang.invoke.DirectMethodHandle$Holder.invokeStatic(java.lang.Object, long)'> (0x00000000865a2150) 
thrown [s\src\hotspot\share\interpreter\linkResolver.cpp, line 784]
Event: 5.816 Thread 0x0000021a8a9a0570 Exception <a 'sun/nio/fs/WindowsException'{0x00000000864f7a40}> (0x00000000864f7a40) 
thrown [s\src\hotspot\share\prims\jni.cpp, line 537]
Event: 149.900 Thread 0x0000021a8a9a0570 Exception <a 'java/lang/NoSuchMethodError'{0x00000000861fa858}: 'long java.lang.invoke.DirectMethodHandle$Holder.invokeSpecial(java.lang.Object, java.lang.Object)'> (0x00000000861fa858) 
thrown [s\src\hotspot\share\interpreter\linkResolver.cpp, line 784]
Event: 149.902 Thread 0x0000021a8a9a0570 Exception <a 'java/lang/NoSuchMethodError'{0x00000000861fe058}: 'long java.lang.invoke.Invokers$Holder.invokeExact_MT(java.lang.Object, java.lang.Object)'> (0x00000000861fe058) 
thrown [s\src\hotspot\share\interpreter\linkResolver.cpp, line 784]
Event: 182.313 Thread 0x0000021a8a9a0570 Exception <a 'sun/net/ConnectionResetException'{0x0000000085f9fb40}: Connection reset> (0x0000000085f9fb40) 
thrown [s\src\hotspot\share\prims\jni.cpp, line 572]
Event: 182.366 Thread 0x0000021a8a9a0570 Exception <a 'java/io/IOException'{0x0000000085e83f60}: Connection reset by peer> (0x0000000085e83f60) 
thrown [s\src\hotspot\share\prims\jni.cpp, line 572]

ZGC Phase Switch (0 events):
No events

VM Operations (20 events):
Event: 150.057 Executing safepoint VM operation: Cleanup
Event: 150.057 Executing safepoint VM operation: Cleanup done
Event: 156.093 Executing safepoint VM operation: Cleanup
Event: 156.094 Executing safepoint VM operation: Cleanup done
Event: 157.100 Executing safepoint VM operation: Cleanup
Event: 157.100 Executing safepoint VM operation: Cleanup done
Event: 160.111 Executing safepoint VM operation: Cleanup
Event: 160.111 Executing safepoint VM operation: Cleanup done
Event: 163.125 Executing safepoint VM operation: Cleanup
Event: 163.125 Executing safepoint VM operation: Cleanup done
Event: 169.173 Executing safepoint VM operation: Cleanup
Event: 169.173 Executing safepoint VM operation: Cleanup done
Event: 175.201 Executing safepoint VM operation: Cleanup
Event: 175.202 Executing safepoint VM operation: Cleanup done
Event: 179.219 Executing safepoint VM operation: Cleanup
Event: 179.219 Executing safepoint VM operation: Cleanup done
Event: 181.234 Executing safepoint VM operation: Cleanup
Event: 181.234 Executing safepoint VM operation: Cleanup done
Event: 182.238 Executing safepoint VM operation: Cleanup
Event: 182.238 Executing safepoint VM operation: Cleanup done

Memory protections (0 events):
No events

Nmethod flushes (0 events):
No events

Events (20 events):
Event: 0.677 Thread 0x0000021aa44ddb60 Thread added: 0x0000021aa44da4e0
Event: 1.195 Loaded shared library C:\Program Files\Android\Android Studio\jbr\bin\management.dll
Event: 1.198 Loaded shared library C:\Program Files\Android\Android Studio\jbr\bin\management_ext.dll
Event: 1.305 Loaded shared library C:\Users\Designer 2\.gradle\native\1def1411415f61bf3af743bc5b6707747c0891f09f0c88961ee8f79bc544acac\windows-amd64\native-platform.dll
Event: 1.403 Thread 0x0000021a8a9a0570 Thread added: 0x0000021aa9c76dc0
Event: 1.517 Thread 0x0000021aa44da4e0 Thread exited: 0x0000021aa44da4e0
Event: 1.517 Thread 0x0000021aa44dd490 Thread exited: 0x0000021aa44dd490
Event: 1.917 Loaded shared library C:\Program Files\Android\Android Studio\jbr\bin\extnet.dll
Event: 2.077 Thread 0x0000021aa44ddb60 Thread added: 0x0000021aa44dc020
Event: 2.663 Thread 0x0000021a8a9a0570 Thread added: 0x0000021aaa32a750
Event: 2.690 Thread 0x0000021aaa32a750 Thread added: 0x0000021aaa061db0
Event: 2.691 Thread 0x0000021aaa061db0 Thread exited: 0x0000021aaa061db0
Event: 2.692 Thread 0x0000021aaa32a750 Thread added: 0x0000021aaa061db0
Event: 3.313 Thread 0x0000021aa44dc020 Thread exited: 0x0000021aa44dc020
Event: 5.806 Thread 0x0000021aaa061db0 Thread exited: 0x0000021aaa061db0
Event: 5.806 Thread 0x0000021aaa32a750 Thread exited: 0x0000021aaa32a750
Event: 5.862 Thread 0x0000021aa44ddb60 Thread added: 0x0000021aa44dcdc0
Event: 6.214 Thread 0x0000021aa44dcdc0 Thread exited: 0x0000021aa44dcdc0
Event: 178.375 Thread 0x0000021aa44d7190 Thread added: 0x0000021aa44dc6f0
Event: 180.392 Thread 0x0000021aa44dc6f0 Thread exited: 0x0000021aa44dc6f0


Dynamic libraries:
0x00007ff65e6c0000 - 0x00007ff65e6ca000 	C:\Program Files\Android\Android Studio\jbr\bin\java.exe
0x00007ff91d550000 - 0x00007ff91d748000 	C:\WINDOWS\SYSTEM32\ntdll.dll
0x00007ff91d210000 - 0x00007ff91d2d2000 	C:\WINDOWS\System32\KERNEL32.DLL
0x00007ff91afd0000 - 0x00007ff91b2c6000 	C:\WINDOWS\System32\KERNELBASE.dll
0x00007ff91aed0000 - 0x00007ff91afd0000 	C:\WINDOWS\System32\ucrtbase.dll
0x00007ff90e300000 - 0x00007ff90e318000 	C:\Program Files\Android\Android Studio\jbr\bin\jli.dll
0x00007ff90df10000 - 0x00007ff90df2b000 	C:\Program Files\Android\Android Studio\jbr\bin\VCRUNTIME140.dll
0x00007ff91baf0000 - 0x00007ff91bc91000 	C:\WINDOWS\System32\USER32.dll
0x00007ff91ad00000 - 0x00007ff91ad22000 	C:\WINDOWS\System32\win32u.dll
0x00007ff91d1d0000 - 0x00007ff91d1fb000 	C:\WINDOWS\System32\GDI32.dll
0x00007ff908040000 - 0x00007ff9082db000 	C:\WINDOWS\WinSxS\amd64_microsoft.windows.common-controls_6595b64144ccf1df_6.0.19041.6456_none_60b8a6cb71f64256\COMCTL32.dll
0x00007ff91abe0000 - 0x00007ff91acf9000 	C:\WINDOWS\System32\gdi32full.dll
0x00007ff91b570000 - 0x00007ff91b60e000 	C:\WINDOWS\System32\msvcrt.dll
0x00007ff91ade0000 - 0x00007ff91ae7d000 	C:\WINDOWS\System32\msvcp_win.dll
0x00007ff91be90000 - 0x00007ff91bebf000 	C:\WINDOWS\System32\IMM32.DLL
0x00007ff916ef0000 - 0x00007ff916efc000 	C:\Program Files\Android\Android Studio\jbr\bin\vcruntime140_1.dll
0x00007ff903630000 - 0x00007ff9036bd000 	C:\Program Files\Android\Android Studio\jbr\bin\msvcp140.dll
0x00007ff8b12a0000 - 0x00007ff8b1f36000 	C:\Program Files\Android\Android Studio\jbr\bin\server\jvm.dll
0x00007ff91c7b0000 - 0x00007ff91c861000 	C:\WINDOWS\System32\ADVAPI32.dll
0x00007ff91c280000 - 0x00007ff91c31f000 	C:\WINDOWS\System32\sechost.dll
0x00007ff91b9d0000 - 0x00007ff91baf0000 	C:\WINDOWS\System32\RPCRT4.dll
0x00007ff91b350000 - 0x00007ff91b377000 	C:\WINDOWS\System32\bcrypt.dll
0x00007ff91d2f0000 - 0x00007ff91d35b000 	C:\WINDOWS\System32\WS2_32.dll
0x00007ff91a120000 - 0x00007ff91a16b000 	C:\WINDOWS\SYSTEM32\POWRPROF.dll
0x00007ff915c70000 - 0x00007ff915c7a000 	C:\WINDOWS\SYSTEM32\VERSION.dll
0x00007ff906050000 - 0x00007ff906077000 	C:\WINDOWS\SYSTEM32\WINMM.dll
0x00007ff919fe0000 - 0x00007ff919ff2000 	C:\WINDOWS\SYSTEM32\UMPDC.dll
0x00007ff918870000 - 0x00007ff918882000 	C:\WINDOWS\SYSTEM32\kernel.appcore.dll
0x00007ff90ee30000 - 0x00007ff90ee3a000 	C:\Program Files\Android\Android Studio\jbr\bin\jimage.dll
0x00007ff905800000 - 0x00007ff905a01000 	C:\WINDOWS\SYSTEM32\DBGHELP.DLL
0x00007ff8fe8e0000 - 0x00007ff8fe914000 	C:\WINDOWS\SYSTEM32\dbgcore.DLL
0x00007ff91b4e0000 - 0x00007ff91b562000 	C:\WINDOWS\System32\bcryptPrimitives.dll
0x00007ff90da00000 - 0x00007ff90da20000 	C:\Program Files\Android\Android Studio\jbr\bin\java.dll
0x00007ff90d7b0000 - 0x00007ff90d7c8000 	C:\Program Files\Android\Android Studio\jbr\bin\zip.dll
0x00007ff91c9a0000 - 0x00007ff91d110000 	C:\WINDOWS\System32\SHELL32.dll
0x00007ff918a70000 - 0x00007ff919215000 	C:\WINDOWS\SYSTEM32\windows.storage.dll
0x00007ff91bf20000 - 0x00007ff91c274000 	C:\WINDOWS\System32\combase.dll
0x00007ff91a610000 - 0x00007ff91a63b000 	C:\WINDOWS\SYSTEM32\Wldp.dll
0x00007ff91b6a0000 - 0x00007ff91b76d000 	C:\WINDOWS\System32\OLEAUT32.dll
0x00007ff91b920000 - 0x00007ff91b9cd000 	C:\WINDOWS\System32\SHCORE.dll
0x00007ff91be30000 - 0x00007ff91be8b000 	C:\WINDOWS\System32\shlwapi.dll
0x00007ff91ab10000 - 0x00007ff91ab34000 	C:\WINDOWS\SYSTEM32\profapi.dll
0x00007ff90e690000 - 0x00007ff90e6a0000 	C:\Program Files\Android\Android Studio\jbr\bin\net.dll
0x00007ff914540000 - 0x00007ff91464a000 	C:\WINDOWS\SYSTEM32\WINHTTP.dll
0x00007ff91a370000 - 0x00007ff91a3da000 	C:\WINDOWS\system32\mswsock.dll
0x00007ff909300000 - 0x00007ff909316000 	C:\Program Files\Android\Android Studio\jbr\bin\nio.dll
0x00007ff90e550000 - 0x00007ff90e560000 	C:\Program Files\Android\Android Studio\jbr\bin\verify.dll
0x00007ff90e4f0000 - 0x00007ff90e4f9000 	C:\Program Files\Android\Android Studio\jbr\bin\management.dll
0x00007ff90df00000 - 0x00007ff90df0b000 	C:\Program Files\Android\Android Studio\jbr\bin\management_ext.dll
0x00007ff91d2e0000 - 0x00007ff91d2e8000 	C:\WINDOWS\System32\PSAPI.DLL
0x00007ff909200000 - 0x00007ff909227000 	C:\Users\Designer 2\.gradle\native\1def1411415f61bf3af743bc5b6707747c0891f09f0c88961ee8f79bc544acac\windows-amd64\native-platform.dll
0x00007ff91a560000 - 0x00007ff91a578000 	C:\WINDOWS\SYSTEM32\CRYPTSP.dll
0x00007ff919c20000 - 0x00007ff919c58000 	C:\WINDOWS\system32\rsaenh.dll
0x00007ff91aa90000 - 0x00007ff91aabe000 	C:\WINDOWS\SYSTEM32\USERENV.dll
0x00007ff91a580000 - 0x00007ff91a58c000 	C:\WINDOWS\SYSTEM32\CRYPTBASE.dll
0x00007ff91a000000 - 0x00007ff91a03b000 	C:\WINDOWS\SYSTEM32\IPHLPAPI.DLL
0x00007ff91d200000 - 0x00007ff91d208000 	C:\WINDOWS\System32\NSI.dll
0x00007ff90ddd0000 - 0x00007ff90ddd9000 	C:\Program Files\Android\Android Studio\jbr\bin\extnet.dll
0x00007ff9160f0000 - 0x00007ff9160f7000 	C:\WINDOWS\system32\wshunix.dll

JVMTI agents: none

dbghelp: loaded successfully - version: 4.0.5 - missing functions: none
symbol engine: initialized successfully - sym options: 0x614 - pdb path: .;C:\Program Files\Android\Android Studio\jbr\bin;C:\WINDOWS\SYSTEM32;C:\WINDOWS\WinSxS\amd64_microsoft.windows.common-controls_6595b64144ccf1df_6.0.19041.6456_none_60b8a6cb71f64256;C:\Program Files\Android\Android Studio\jbr\bin\server;C:\Users\Designer 2\.gradle\native\1def1411415f61bf3af743bc5b6707747c0891f09f0c88961ee8f79bc544acac\windows-amd64

VM Arguments:
jvm_args: -Dorg.gradle.appname=gradlew 
java_command: org.gradle.wrapper.GradleWrapperMain -q -Ptarget-platform=android-arm64 -Ptarget=C:\MotionHR\motionhr_employee_work\lib\main.dart -Pbase-application-name=android.app.Application -Pdart-defines=RkxVVFRFUl9WRVJTSU9OPTMuNDQuNg==,RkxVVFRFUl9DSEFOTkVMPXN0YWJsZQ==,RkxVVFRFUl9HSVRfVVJMPWh0dHBzOi8vZ2l0aHViLmNvbS9mbHV0dGVyL2ZsdXR0ZXIuZ2l0,RkxVVFRFUl9GUkFNRVdPUktfUkVWSVNJT049ZWU4MGYwOGJiZg==,RkxVVFRFUl9FTkdJTkVfUkVWSVNJT049ODM2NzVlZDI3Ng==,RkxVVFRFUl9EQVJUX1ZFUlNJT049My4xMi4y -Pdart-obfuscation=false -Ptrack-widget-creation=true -Ptree-shake-icons=false -Pfilesystem-scheme=org-dartlang-root assembleDebug
java_class_path (initial): C:\MotionHR\motionhr_employee_work\android\\gradle\wrapper\gradle-wrapper.jar
Launcher Type: SUN_STANDARD

[Global flags]
     intx CICompilerCount                          = 4                                         {product} {ergonomic}
     uint ConcGCThreads                            = 2                                         {product} {ergonomic}
     uint G1ConcRefinementThreads                  = 8                                         {product} {ergonomic}
   size_t G1HeapRegionSize                         = 1048576                                   {product} {ergonomic}
    uintx GCDrainStackTargetSize                   = 64                                        {product} {ergonomic}
   size_t InitialHeapSize                          = 134217728                                 {product} {ergonomic}
   size_t MarkStackSize                            = 4194304                                   {product} {ergonomic}
   size_t MaxHeapSize                              = 2124414976                                {product} {ergonomic}
   size_t MaxNewSize                               = 1274019840                                {product} {ergonomic}
   size_t MinHeapDeltaBytes                        = 1048576                                   {product} {ergonomic}
   size_t MinHeapSize                              = 8388608                                   {product} {ergonomic}
    uintx NonNMethodCodeHeapSize                   = 5839372                                {pd product} {ergonomic}
    uintx NonProfiledCodeHeapSize                  = 122909434                              {pd product} {ergonomic}
    uintx ProfiledCodeHeapSize                     = 122909434                              {pd product} {ergonomic}
    uintx ReservedCodeCacheSize                    = 251658240                              {pd product} {ergonomic}
     bool SegmentedCodeCache                       = true                                      {product} {ergonomic}
   size_t SoftMaxHeapSize                          = 2124414976                             {manageable} {ergonomic}
     bool UseCompressedOops                        = true                           {product lp64_product} {ergonomic}
     bool UseG1GC                                  = true                                      {product} {ergonomic}
     bool UseLargePagesIndividualAllocation        = false                                  {pd product} {ergonomic}

Logging:
Log output configuration:
 #0: stdout all=warning uptime,level,tags foldmultilines=false
 #1: stderr all=off uptime,level,tags foldmultilines=false

Release file:
JAVA_VERSION="21.0.10" 
MODULES="java.base java.compiler java.datatransfer java.xml java.prefs java.desktop java.instrument java.logging java.management java.security.sasl java.naming java.rmi java.management.rmi java.net.http java.scripting java.security.jgss java.transaction.xa java.sql java.sql.rowset java.xml.crypto java.se java.smartcardio jdk.accessibility jdk.internal.jvmstat jdk.attach jdk.charsets jdk.internal.opt jdk.zipfs jdk.compiler jdk.crypto.ec jdk.crypto.cryptoki jdk.dynalink jdk.hotspot.agent jdk.httpserver jdk.internal.ed jdk.internal.le jdk.internal.vm.ci jdk.jartool jdk.javadoc jdk.jcmd jdk.jdeps jdk.jdwp.agent jdk.jdi jdk.jfr jdk.jlink jdk.jsobject jdk.localedata jdk.management jdk.management.agent jdk.management.jfr jdk.naming.dns jdk.naming.rmi jdk.net jdk.sctp jdk.security.auth jdk.security.jgss jdk.unsupported jdk.unsupported.desktop jdk.xml.dom" 
IMPLEMENTOR="JetBrains s.r.o." 
JAVA_RUNTIME_VERSION="21.0.10+-14961533-b1163.108" 
LIBC="default" 
OS_ARCH="x86_64" 
OS_NAME="Windows" 
SOURCE=".:git:1351622c2ff2" 

Environment Variables:
JAVA_HOME=C:\Program Files\Android\Android Studio\jbr
CLASSPATH=C:\MotionHR\motionhr_employee_work\android\\gradle\wrapper\gradle-wrapper.jar
PATH=C:\Program Files\Android\Android Studio\jbr\bin;C:\Program Files\Microsoft\jdk-17.0.12.7-hotspot\bin;C:\Program Files (x86)\Common Files\Intel\Shared Libraries\redist\intel64\compiler;C:\WINDOWS\system32;C:\WINDOWS;C:\WINDOWS\System32\Wbem;C:\WINDOWS\System32\WindowsPowerShell\v1.0\;C:\WINDOWS\System32\OpenSSH\;C:\Program Files (x86)\Common Files\Acronis\SnapAPI\;C:\Program Files\Common Files\Autodesk Shared\;C:\Program Files\Microsoft SQL Server\120\Tools\Binn\;C:\Program Files\Git\cmd;C:\Users\Designer 2\AppData\Local\Microsoft\WindowsApps;C:\Users\Designer 2\AppData\Local\Python\bin;C:\Users\Designer 2\AppData\Local\Programs\Microsoft VS Code\bin;C:\src\flutter\bin;C:\Users\Designer 2\AppData\Local\Android\Sdk\platform-tools;C:\Users\Designer 2\AppData\Local\GitHubDesktop\bin;C:\src\flutter\bin\mingit\cmd
USERNAME=Designer 2
OS=Windows_NT
PROCESSOR_IDENTIFIER=Intel64 Family 6 Model 142 Stepping 10, GenuineIntel
TMP=C:\Users\DESIGN~1\AppData\Local\Temp
TEMP=C:\Users\DESIGN~1\AppData\Local\Temp




Periodic native trim disabled

JNI global refs:
JNI global refs: 21, weak refs: 0

JNI global refs memory usage: 835, weak refs: 833

Process memory usage:
Resident Set Size: 63980K (0% of 8295652K total physical memory with 497732K free physical memory)

OOME stack traces (most recent first):
Classloader memory used:
Loader bootstrap                                                                       : 14677K
Loader org.gradle.internal.classloader.VisitableURLClassLoader                         : 5223K
Loader java.net.URLClassLoader                                                         : 228K
Loader jdk.internal.loader.ClassLoaders$AppClassLoader                                 : 147K
Loader jdk.internal.loader.ClassLoaders$PlatformClassLoader                            : 144K
Loader jdk.internal.reflect.DelegatingClassLoader                                      : 32448B

Classes loaded by more than one classloader:
Class org.gradle.internal.classloader.ClassLoaderHierarchy                            : loaded 2 times (x 70B)
Class org.gradle.cli.AbstractPropertiesCommandLineConverter                           : loaded 2 times (x 83B)
Class org.gradle.api.internal.classpath.ManifestUtil                                  : loaded 2 times (x 71B)
Class org.gradle.cli.CommandLineParser                                                : loaded 2 times (x 79B)
Class org.gradle.internal.classloader.ClassLoaderVisitor                              : loaded 2 times (x 76B)
Class org.gradle.api.internal.classpath.EffectiveClassPath                            : loaded 2 times (x 90B)
Class org.gradle.internal.service.UnknownServiceException                             : loaded 2 times (x 83B)
Class org.gradle.cli.SystemPropertiesCommandLineConverter                             : loaded 2 times (x 83B)
Class org.gradle.cli.CommandLineArgumentException                                     : loaded 2 times (x 82B)
Class org.gradle.cli.CommandLineParser$KnownOptionParserState                         : loaded 2 times (x 76B)
Class org.gradle.internal.InternalTransformer                                         : loaded 2 times (x 70B)
Class org.gradle.internal.classloader.ClasspathUtil$1                                 : loaded 2 times (x 76B)
Class org.gradle.api.internal.classpath.DefaultModuleRegistry$DefaultModule           : loaded 2 times (x 86B)
Class org.gradle.api.internal.classpath.Module                                        : loaded 2 times (x 70B)
Class org.gradle.api.internal.classpath.UnknownModuleException                        : loaded 2 times (x 82B)
Class org.gradle.internal.classpath.DefaultClassPath$ImmutableUniqueList              : loaded 2 times (x 199B)
Class org.gradle.cli.CommandLineParser$OptionAwareParserState                         : loaded 2 times (x 77B)
Class org.gradle.cli.ParsedCommandLine                                                : loaded 2 times (x 80B)
Class org.gradle.internal.classpath.ClassPath                                         : loaded 2 times (x 70B)
Class org.gradle.cli.CommandLineParser$UnknownOptionParserState                       : loaded 2 times (x 76B)
Class org.gradle.cli.ParsedCommandLineOption                                          : loaded 2 times (x 76B)
Class org.gradle.cli.CommandLineParser$AfterFirstSubCommand                           : loaded 2 times (x 77B)
Class org.gradle.api.internal.classpath.ModuleRegistry                                : loaded 2 times (x 70B)
Class org.gradle.internal.installation.GradleInstallation$1                           : loaded 2 times (x 75B)
Class org.gradle.api.internal.classpath.DefaultModuleRegistry                         : loaded 2 times (x 86B)
Class org.gradle.cli.CommandLineOption                                                : loaded 2 times (x 86B)
Class org.gradle.cli.CommandLineParser$BeforeFirstSubCommand                          : loaded 2 times (x 77B)
Class org.gradle.internal.service.ServiceLookupException                              : loaded 2 times (x 82B)
Class org.gradle.cli.CommandLineParser$OptionParserState                              : loaded 2 times (x 75B)
Class org.gradle.internal.classloader.ClasspathUtil                                   : loaded 2 times (x 71B)
Class org.gradle.api.specs.Spec                                                       : loaded 2 times (x 70B)
Class org.gradle.internal.classpath.DefaultClassPath                                  : loaded 2 times (x 90B)
Class org.gradle.internal.classloader.ClassLoaderSpec                                 : loaded 2 times (x 71B)
Class org.gradle.internal.Cast                                                        : loaded 2 times (x 71B)
Class org.gradle.api.Action                                                           : loaded 2 times (x 70B)
Class org.gradle.internal.classpath.DefaultClassPath$ImmutableUniqueList$Builder      : loaded 2 times (x 75B)
Class org.gradle.cli.AbstractCommandLineConverter                                     : loaded 2 times (x 79B)
Class org.gradle.api.GradleException                                                  : loaded 2 times (x 82B)
Class org.gradle.internal.IoActions                                                   : loaded 2 times (x 71B)
Class org.gradle.internal.classloader.SystemClassLoaderSpec                           : loaded 2 times (x 71B)
Class org.gradle.cli.CommandLineConverter                                             : loaded 2 times (x 70B)
Class org.gradle.cli.CommandLineParser$MissingOptionArgState                          : loaded 2 times (x 77B)
Class org.gradle.cli.CommandLineParser$ParserState                                    : loaded 2 times (x 76B)
Class org.gradle.cli.CommandLineParser$OptionString                                   : loaded 2 times (x 73B)
Class org.gradle.api.internal.classpath.GlobalCacheRootsProvider                      : loaded 2 times (x 70B)
Class org.gradle.internal.installation.CurrentGradleInstallationLocator               : loaded 2 times (x 71B)
Class org.gradle.internal.installation.CurrentGradleInstallation                      : loaded 2 times (x 73B)
Class org.gradle.util.internal.GUtil                                                  : loaded 2 times (x 71B)
Class org.gradle.cli.CommandLineParser$AfterOptions                                   : loaded 2 times (x 77B)
Class org.gradle.internal.installation.GradleInstallation                             : loaded 2 times (x 75B)

---------------  S Y S T E M  ---------------

OS:
 Windows 10 , 64 bit Build 19041 (10.0.19041.5915)
OS uptime: 36 days 2:59 hours

CPU: total 8 (initial active 8) (4 cores per cpu, 2 threads per core) family 6 model 142 stepping 10 microcode 0xb4, cx8, cmov, fxsr, ht, mmx, 3dnowpref, sse, sse2, sse3, ssse3, sse4.1, sse4.2, popcnt, lzcnt, tsc, tscinvbit, avx, avx2, aes, erms, clmul, bmi1, bmi2, adx, fma, vzeroupper, clflush, clflushopt, rdtscp, f16c
Processor Information for the first 8 processors :
  Max Mhz: 1800, Current Mhz: 1600, Mhz Limit: 1584

Memory: 4k page, system-wide physical 8101M (482M free)
TotalPageFile size 20949M (AvailPageFile size 3M)
current process WorkingSet (physical memory assigned to process): 63M, peak: 128M
current process commit charge ("private bytes"): 240M, peak: 242M

vm_info: OpenJDK 64-Bit Server VM (21.0.10+-14961533-b1163.108) for windows-amd64 JRE (21.0.10+-14961533-b1163.108), built on 2026-03-02T19:58:50Z by "builder" with MS VC++ 16.10 / 16.11 (VS2019)

END.
